Using pre-set license
Built from '2020.3/staging' branch; Version is '2020.3.5f1 (8095aa901b9b) revision 8426922'; Using compiler version '192528614'; Build Type 'Release'
OS: 'Windows 10 Home; OS build 19044.2728; Version 2009; 64bit' Language: 'ja' Physical Memory: 16312 MB
BatchMode: 1, IsHumanControllingUs: 0, StartBugReporterOnCrash: 0, Is64bit: 1, IsPro: 0

 COMMAND LINE ARGUMENTS:
C:\Program Files\Unity\Hub\Editor\2020.3.5f1\Editor\Unity.exe
-adb2
-batchMode
-noUpm
-name
AssetImportWorker0
-projectPath
C:/Users/newch/OneDrive/ドキュメント/GitHub/SpringHackason2023_A2/SpringHackason2023_A_2
-logFile
Logs/AssetImportWorker0.log
-srvPort
61005
Successfully changed project path to: C:/Users/newch/OneDrive/ドキュメント/GitHub/SpringHackason2023_A2/SpringHackason2023_A_2
C:/Users/newch/OneDrive/ドキュメント/GitHub/SpringHackason2023_A2/SpringHackason2023_A_2
Using Asset Import Pipeline V2.
Refreshing native plugins compatible for Editor in 37.12 ms, found 0 plugins.
Preloading 0 native plugins for Editor in 0.00 ms.
Initialize engine version: 2020.3.5f1 (8095aa901b9b)
[Subsystems] Discovering subsystems at path C:/Program Files/Unity/Hub/Editor/2020.3.5f1/Editor/Data/Resources/UnitySubsystems
[Subsystems] Discovering subsystems at path C:/Users/newch/OneDrive/ドキュメント/GitHub/SpringHackason2023_A2/SpringHackason2023_A_2/Assets
GfxDevice: creating device client; threaded=0
Direct3D:
    Version:  Direct3D 11.0 [level 11.1]
    Renderer: NVIDIA GeForce RTX 3050 (ID=0x2507)
    Vendor:   
    VRAM:     8070 MB
    Driver:   31.0.15.1694
Initialize mono
Mono path[0] = 'C:/Program Files/Unity/Hub/Editor/2020.3.5f1/Editor/Data/Managed'
Mono path[1] = 'C:/Program Files/Unity/Hub/Editor/2020.3.5f1/Editor/Data/MonoBleedingEdge/lib/mono/unityjit'
Mono config path = 'C:/Program Files/Unity/Hub/Editor/2020.3.5f1/Editor/Data/MonoBleedingEdge/etc'
Using monoOptions --debugger-agent=transport=dt_socket,embedding=1,server=y,suspend=n,address=127.0.0.1:56156
Begin MonoManager ReloadAssembly
Registering precompiled unity dll's ...
Register platform support module: C:/Program Files/Unity/Hub/Editor/2020.3.5f1/Editor/Data/PlaybackEngines/MacStandaloneSupport/UnityEditor.OSXStandalone.Extensions.dll
Register platform support module: C:/Program Files/Unity/Hub/Editor/2020.3.5f1/Editor/Data/PlaybackEngines/WindowsStandaloneSupport/UnityEditor.WindowsStandalone.Extensions.dll
Registered in 0.005194 seconds.
Native extension for WindowsStandalone target not found
Native extension for OSXStandalone target not found
Refreshing native plugins compatible for Editor in 45.84 ms, found 0 plugins.
Preloading 0 native plugins for Editor in 0.00 ms.
Mono: successfully reloaded assembly
- Completed reload, in  3.724 seconds
Platform modules already initialized, skipping
Registering precompiled user dll's ...
Registered in 0.001514 seconds.
Begin MonoManager ReloadAssembly
Native extension for WindowsStandalone target not found
Native extension for OSXStandalone target not found
Refreshing native plugins compatible for Editor in 0.26 ms, found 0 plugins.
Preloading 0 native plugins for Editor in 0.00 ms.
Mono: successfully reloaded assembly
- Completed reload, in  1.440 seconds
Platform modules already initialized, skipping
========================================================================
Worker process is ready to serve import requests
Launched and connected shader compiler UnityShaderCompiler.exe after 0.10 seconds
Refreshing native plugins compatible for Editor in 0.27 ms, found 0 plugins.
Preloading 0 native plugins for Editor in 0.00 ms.
Unloading 1115 Unused Serialized files (Serialized files now loaded: 0)
System memory in use before: 60.3 MB.
System memory in use after: 60.3 MB.

Unloading 10 unused Assets to reduce memory usage. Loaded Objects now: 1557.
Total: 4.426600 ms (FindLiveObjects: 0.865500 ms CreateObjectMapping: 0.088300 ms MarkObjects: 3.349100 ms  DeleteObjects: 0.120700 ms)

========================================================================
Received Import Request.
  path: Assets/Scenes/SampleScene.unity
  artifactKey: Guid(9fc0d4010bbf28b4594072e72b8655ab) Importer(815301076,1909f56bfc062723c751e8b465ee728b)
Start importing Assets/Scenes/SampleScene.unity using Guid(9fc0d4010bbf28b4594072e72b8655ab) Importer(815301076,1909f56bfc062723c751e8b465ee728b)  -> (artifact id: '02a2e40e81d35f9ada7821be9923d9eb') in 0.074052 seconds
  Import took 0.084246 seconds .

========================================================================
Received Import Request.
  Time since last request: 17.535183 seconds.
  path: Assets/Scenes/RunningScene.unity
  artifactKey: Guid(262831224f9c8d14f943a406301d9899) Importer(815301076,1909f56bfc062723c751e8b465ee728b)
Start importing Assets/Scenes/RunningScene.unity using Guid(262831224f9c8d14f943a406301d9899) Importer(815301076,1909f56bfc062723c751e8b465ee728b)  -> (artifact id: '1125dec40b3d5949baf3e52de384ecf6') in 0.030515 seconds
  Import took 0.037074 seconds .

========================================================================
Received Import Request.
  Time since last request: 109.547899 seconds.
  path: Assets/Scenes/JijaTorii3.fbx
  artifactKey: Guid(e184803e5d49d5942b0e1ac07d65e096) Importer(815301076,1909f56bfc062723c751e8b465ee728b)
Start importing Assets/Scenes/JijaTorii3.fbx using Guid(e184803e5d49d5942b0e1ac07d65e096) Importer(815301076,1909f56bfc062723c751e8b465ee728b)  -> (artifact id: '2b15532b590a58c36f9e58d803fd5ff5') in 3.025949 seconds
  Import took 3.035713 seconds .

AssetImportWorkerClient::OnTransportError - code=2 error=End of file
