Using pre-set license
Built from '2020.3/staging' branch; Version is '2020.3.5f1 (8095aa901b9b) revision 8426922'; Using compiler version '192528614'; Build Type 'Release'
OS: 'Windows 10 Home; OS build 19044.2728; Version 2009; 64bit' Language: 'ja' Physical Memory: 16312 MB
BatchMode: 1, IsHumanControllingUs: 0, StartBugReporterOnCrash: 0, Is64bit: 1, IsPro: 0

 COMMAND LINE ARGUMENTS:
C:\Program Files\Unity\Hub\Editor\2020.3.5f1\Editor\Unity.exe
-adb2
-batchMode
-noUpm
-name
AssetImportWorker0
-projectPath
C:/Users/newch/OneDrive/ドキュメント/GitHub/SpringHackason2023_A2/SpringHackason2023_A_2
-logFile
Logs/AssetImportWorker0.log
-srvPort
49382
Successfully changed project path to: C:/Users/newch/OneDrive/ドキュメント/GitHub/SpringHackason2023_A2/SpringHackason2023_A_2
C:/Users/newch/OneDrive/ドキュメント/GitHub/SpringHackason2023_A2/SpringHackason2023_A_2
Using Asset Import Pipeline V2.
Refreshing native plugins compatible for Editor in 38.66 ms, found 0 plugins.
Preloading 0 native plugins for Editor in 0.00 ms.
Initialize engine version: 2020.3.5f1 (8095aa901b9b)
[Subsystems] Discovering subsystems at path C:/Program Files/Unity/Hub/Editor/2020.3.5f1/Editor/Data/Resources/UnitySubsystems
[Subsystems] Discovering subsystems at path C:/Users/newch/OneDrive/ドキュメント/GitHub/SpringHackason2023_A2/SpringHackason2023_A_2/Assets
GfxDevice: creating device client; threaded=0
Direct3D:
    Version:  Direct3D 11.0 [level 11.1]
    Renderer: NVIDIA GeForce RTX 3050 (ID=0x2507)
    Vendor:   
    VRAM:     8070 MB
    Driver:   31.0.15.1694
Initialize mono
Mono path[0] = 'C:/Program Files/Unity/Hub/Editor/2020.3.5f1/Editor/Data/Managed'
Mono path[1] = 'C:/Program Files/Unity/Hub/Editor/2020.3.5f1/Editor/Data/MonoBleedingEdge/lib/mono/unityjit'
Mono config path = 'C:/Program Files/Unity/Hub/Editor/2020.3.5f1/Editor/Data/MonoBleedingEdge/etc'
Using monoOptions --debugger-agent=transport=dt_socket,embedding=1,server=y,suspend=n,address=127.0.0.1:56724
Begin MonoManager ReloadAssembly
Registering precompiled unity dll's ...
Register platform support module: C:/Program Files/Unity/Hub/Editor/2020.3.5f1/Editor/Data/PlaybackEngines/MacStandaloneSupport/UnityEditor.OSXStandalone.Extensions.dll
Register platform support module: C:/Program Files/Unity/Hub/Editor/2020.3.5f1/Editor/Data/PlaybackEngines/WindowsStandaloneSupport/UnityEditor.WindowsStandalone.Extensions.dll
Registered in 0.004412 seconds.
Native extension for WindowsStandalone target not found
Native extension for OSXStandalone target not found
Refreshing native plugins compatible for Editor in 32.27 ms, found 0 plugins.
Preloading 0 native plugins for Editor in 0.00 ms.
Mono: successfully reloaded assembly
- Completed reload, in  3.642 seconds
Platform modules already initialized, skipping
Registering precompiled user dll's ...
Registered in 0.001145 seconds.
Begin MonoManager ReloadAssembly
Native extension for WindowsStandalone target not found
Native extension for OSXStandalone target not found
Refreshing native plugins compatible for Editor in 0.26 ms, found 0 plugins.
Preloading 0 native plugins for Editor in 0.00 ms.
Mono: successfully reloaded assembly
- Completed reload, in  1.570 seconds
Platform modules already initialized, skipping
========================================================================
Worker process is ready to serve import requests
Launched and connected shader compiler UnityShaderCompiler.exe after 0.09 seconds
Refreshing native plugins compatible for Editor in 0.24 ms, found 0 plugins.
Preloading 0 native plugins for Editor in 0.00 ms.
Unloading 1115 Unused Serialized files (Serialized files now loaded: 0)
System memory in use before: 60.3 MB.
System memory in use after: 60.3 MB.

Unloading 10 unused Assets to reduce memory usage. Loaded Objects now: 1557.
Total: 3.588200 ms (FindLiveObjects: 0.229500 ms CreateObjectMapping: 0.420300 ms MarkObjects: 2.750800 ms  DeleteObjects: 0.185500 ms)

========================================================================
Received Import Request.
  path: Assets/Scenes
  artifactKey: Guid(d1d793b204675c344b45138b2a71415c) Importer(815301076,1909f56bfc062723c751e8b465ee728b)
Start importing Assets/Scenes using Guid(d1d793b204675c344b45138b2a71415c) Importer(815301076,1909f56bfc062723c751e8b465ee728b)  -> (artifact id: 'cb0f448f15d68a90cc4d1628fca30c20') in 0.032191 seconds
  Import took 0.041751 seconds .

========================================================================
Received Import Request.
  Time since last request: 8.724851 seconds.
  path: Assets/Scenes/TitleScene.unity
  artifactKey: Guid(132d298e6f6bea64abc2ac5aa0f7a6f9) Importer(815301076,1909f56bfc062723c751e8b465ee728b)
Start importing Assets/Scenes/TitleScene.unity using Guid(132d298e6f6bea64abc2ac5aa0f7a6f9) Importer(815301076,1909f56bfc062723c751e8b465ee728b)  -> (artifact id: '7a4d1b6819a3687d0bdcc0800f40ae50') in 0.048106 seconds
  Import took 0.053994 seconds .

AssetImportWorkerClient::OnTransportError - code=2 error=End of file
